[    0.000000] Linux version 4.15.0-143-generic (buildd@lcy01-amd64-001) (gcc version 7.5.0 (Ubuntu 7.5.0-3ubuntu1~18.04)) #147-Ubuntu SMP Wed Apr 14 16:10:11 UTC 2021 (Ubuntu 4.15.0-143.147-generic 4.15.18)
[    0.000000] Command line: BOOT_IMAGE=/boot/vmlinuz-4.15.0-143-generic root=LABEL=cloudimg-rootfs ro console=tty1 console=ttyS0
[    0.000000] KERNEL supported cpus:
[    0.000000]   Intel GenuineIntel
[    0.000000]   AMD AuthenticAMD
[    0.000000]   Centaur CentaurHauls
[    0.000000] x86/fpu: x87 FPU will use FXSAVE
[    0.000000] e820: BIOS-provided physical RAM map:
[    0.000000] BIOS-e820: [mem 0x0000000000000000-0x000000000009fbff] usable
[    0.000000] BIOS-e820: [mem 0x000000000009fc00-0x000000000009ffff] reserved
[    0.000000] BIOS-e820: [mem 0x00000000000f0000-0x00000000000fffff] reserved
[    0.000000] BIOS-e820: [mem 0x0000000000100000-0x000000001ffeffff] usable
[    0.000000] BIOS-e820: [mem 0x000000001fff0000-0x000000001fffffff] ACPI data
[    0.000000] BIOS-e820: [mem 0x00000000fec00000-0x00000000fec00fff] reserved
[    0.000000] BIOS-e820: [mem 0x00000000fee00000-0x00000000fee00fff] reserved
[    0.000000] BIOS-e820: [mem 0x00000000fffc0000-0x00000000ffffffff] reserved
[    0.000000] NX (Execute Disable) protection: active
[    0.000000] SMBIOS 2.5 present.
[    0.000000] DMI: innotek GmbH VirtualBox/VirtualBox, BIOS VirtualBox 12/01/2006
[    0.000000] Hypervisor detected: KVM
[    0.000000] e820: last_pfn = 0x1fff0 max_arch_pfn = 0x400000000
[    0.000000] MTRR: Disabled
[    0.000000] x86/PAT: MTRRs disabled, skipping PAT initialization too.
[    0.000000] CPU MTRRs all blank - virtualized system.
[    0.000000] x86/PAT: Configuration [0-7]: WB  WT  UC- UC  WB  WT  UC- UC  
[    0.000000] found SMP MP-table at [mem 0x0009fff0-0x0009ffff]
[    0.000000] Scanning 1 areas for low memory corruption
[    0.000000] RAMDISK: [mem 0x1daf9000-0x1ee06fff]
[    0.000000] ACPI: Early table checksum verification disabled
[    0.000000] ACPI: RSDP 0x00000000000E0000 000024 (v02 VBOX  )
[    0.000000] ACPI: XSDT 0x000000001FFF0030 00003C (v01 VBOX   VBOXXSDT 00000001 ASL  00000061)
[    0.000000] ACPI: FACP 0x000000001FFF00F0 0000F4 (v04 VBOX   VBOXFACP 00000001 ASL  00000061)
[    0.000000] ACPI: DSDT 0x000000001FFF0470 002325 (v02 VBOX   VBOXBIOS 00000002 INTL 20100528)
[    0.000000] ACPI: FACS 0x000000001FFF0200 000040
[    0.000000] ACPI: FACS 0x000000001FFF0200 000040
[    0.000000] ACPI: APIC 0x000000001FFF0240 000054 (v02 VBOX   VBOXAPIC 00000001 ASL  00000061)
[    0.000000] ACPI: SSDT 0x000000001FFF02A0 0001CC (v01 VBOX   VBOXCPUT 00000002 INTL 20100528)
[    0.000000] No NUMA configuration found
[    0.000000] Faking a node at [mem 0x0000000000000000-0x000000001ffeffff]
[    0.000000] NODE_DATA(0) allocated [mem 0x1ffc5000-0x1ffeffff]
[    0.000000] kvm-clock: cpu 0, msr 0:1ff44001, primary cpu clock
[    0.000000] kvm-clock: Using msrs 4b564d01 and 4b564d00
[    0.000000] kvm-clock: using sched offset of 5019817594 cycles
[    0.000000] clocksource: kvm-clock: mask: 0xffffffffffffffff max_cycles: 0x1cd42e4dffb, max_idle_ns: 881590591483 ns
[    0.000000] Zone ranges:
[    0.000000]   DMA      [mem 0x0000000000001000-0x0000000000ffffff]
[    0.000000]   DMA32    [mem 0x0000000001000000-0x000000001ffeffff]
[    0.000000]   Normal   empty
[    0.000000]   Device   empty
[    0.000000] Movable zone start for each node
[    0.000000] Early memory node ranges
[    0.000000]   node   0: [mem 0x0000000000001000-0x000000000009efff]
[    0.000000]   node   0: [mem 0x0000000000100000-0x000000001ffeffff]
[    0.000000] Reserved but unavailable: 98 pages
[    0.000000] Initmem setup node 0 [mem 0x0000000000001000-0x000000001ffeffff]
[    0.000000] ACPI: PM-Timer IO Port: 0x4008
[    0.000000] IOAPIC[0]: apic_id 1, version 32, address 0xfec00000, GSI 0-23
[    0.000000] ACPI: INT_SRC_OVR (bus 0 bus_irq 0 global_irq 2 dfl dfl)
[    0.000000] ACPI: INT_SRC_OVR (bus 0 bus_irq 9 global_irq 9 low level)
[    0.000000] Using ACPI (MADT) for SMP configuration information
[    0.000000] smpboot: Allowing 1 CPUs, 0 hotplug CPUs
[    0.000000] PM: Registered nosave memory: [mem 0x00000000-0x00000fff]
[    0.000000] PM: Registered nosave memory: [mem 0x0009f000-0x0009ffff]
[    0.000000] PM: Registered nosave memory: [mem 0x000a0000-0x000effff]
[    0.000000] PM: Registered nosave memory: [mem 0x000f0000-0x000fffff]
[    0.000000] e820: [mem 0x20000000-0xfebfffff] available for PCI devices
[    0.000000] Booting paravirtualized kernel on KVM
[    0.000000] clocksource: refined-jiffies: mask: 0xffffffff max_cycles: 0xffffffff, max_idle_ns: 7645519600211568 ns
[    0.000000] random: get_random_bytes called from start_kernel+0x99/0x500 with crng_init=0
[    0.000000] setup_percpu: NR_CPUS:8192 nr_cpumask_bits:1 nr_cpu_ids:1 nr_node_ids:1
[    0.000000] percpu: Embedded 45 pages/cpu s147456 r8192 d28672 u2097152
[    0.000000] PV qspinlock hash table entries: 256 (order: 0, 4096 bytes)
[    0.000000] Built 1 zonelists, mobility grouping on.  Total pages: 128889
[    0.000000] Policy zone: DMA32
[    0.000000] Kernel command line: BOOT_IMAGE=/boot/vmlinuz-4.15.0-143-generic root=LABEL=cloudimg-rootfs ro console=tty1 console=ttyS0
[    0.000000] Memory: 466812K/523832K available (12300K kernel code, 2483K rwdata, 4316K rodata, 2444K init, 2724K bss, 57020K reserved, 0K cma-reserved)
[    0.000000] SLUB: HWalign=64, Order=0-3, MinObjects=0, CPUs=1, Nodes=1
[    0.000000] ftrace: allocating 39437 entries in 155 pages
[    0.004000] Hierarchical RCU implementation.
[    0.004000] 	RCU restricting CPUs from NR_CPUS=8192 to nr_cpu_ids=1.
[    0.004000] 	Tasks RCU enabled.
[    0.004000] RCU: Adjusting geometry for rcu_fanout_leaf=16, nr_cpu_ids=1
[    0.004000] NR_IRQS: 524544, nr_irqs: 256, preallocated irqs: 16
[    0.004000] Console: colour VGA+ 80x25
[    0.004000] console [tty1] enabled
[    0.004000] console [ttyS0] enabled
[    0.004000] ACPI: Core revision 20170831
[    0.004000] ACPI: 2 ACPI AML tables successfully acquired and loaded
[    0.004000] APIC: Switch to symmetric I/O mode setup
[    0.008000] ..TIMER: vector=0x30 apic1=0 pin1=2 apic2=-1 pin2=-1
[    0.008003] tsc: Detected 2803.200 MHz processor
[    0.012011] Calibrating delay loop (skipped) preset value.. 5606.40 BogoMIPS (lpj=11212800)
[    0.016003] pid_max: default: 32768 minimum: 301
[    0.020031] Security Framework initialized
[    0.024003] Yama: becoming mindful.
[    0.028030] AppArmor: AppArmor initialized
[    0.032124] Dentry cache hash table entries: 65536 (order: 7, 524288 bytes)
[    0.036058] Inode-cache hash table entries: 32768 (order: 6, 262144 bytes)
[    0.040014] Mount-cache hash table entries: 1024 (order: 1, 8192 bytes)
[    0.044005] Mountpoint-cache hash table entries: 1024 (order: 1, 8192 bytes)
[    0.052723] Last level iTLB entries: 4KB 0, 2MB 0, 4MB 0
[    0.056003] Last level dTLB entries: 4KB 0, 2MB 0, 4MB 0, 1GB 0
[    0.060012] Spectre V1 : Mitigation: usercopy/swapgs barriers and __user pointer sanitization
[    0.064008] Spectre V2 : Mitigation: Enhanced IBRS
[    0.068007] Spectre V2 : Spectre v2 / SpectreRSB mitigation: Filling RSB on context switch
[    0.072004] Speculative Store Bypass: Vulnerable
[    0.084000] Freeing SMP alternatives memory: 36K
[    0.196437] smpboot: CPU0: 11th Gen Intel(R) Core(TM) i7-1165G7 @ 2.80GHz (family: 0x6, model: 0x8c, stepping: 0x1)
[    0.200108] Performance Events: unsupported p6 CPU model 140 no PMU driver, software events only.
[    0.204043] Hierarchical SRCU implementation.
[    0.208825] NMI watchdog: Perf event create on CPU 0 failed with -2
[    0.212003] NMI watchdog: Perf NMI watchdog permanently disabled
[    0.216059] smp: Bringing up secondary CPUs ...
[    0.220003] smp: Brought up 1 node, 1 CPU
[    0.223306] smpboot: Max logical packages: 1
[    0.224004] smpboot: Total of 1 processors activated (5606.40 BogoMIPS)
[    0.228201] devtmpfs: initialized
[    0.232098] x86/mm: Memory block size: 128MB
[    0.236112] evm: security.selinux
[    0.240005] evm: security.SMACK64
[    0.242451] evm: security.SMACK64EXEC
[    0.244007] evm: security.SMACK64TRANSMUTE
[    0.248004] evm: security.SMACK64MMAP
[    0.252003] evm: security.apparmor
[    0.256002] evm: security.ima
[    0.260003] evm: security.capability
[    0.264202] clocksource: jiffies: mask: 0xffffffff max_cycles: 0xffffffff, max_idle_ns: 7645041785100000 ns
[    0.268015] futex hash table entries: 256 (order: 2, 16384 bytes)
[    0.272045] pinctrl core: initialized pinctrl subsystem
[    0.280200] RTC time: 10:04:19, date: 09/16/21
[    0.284247] NET: Registered protocol family 16
[    0.288097] audit: initializing netlink subsys (disabled)
[    0.292158] cpuidle: using governor ladder
[    0.296006] audit: type=2000 audit(1631786666.012:1): state=initialized audit_enabled=0 res=1
[    0.300008] cpuidle: using governor menu
[    0.304070] ACPI: bus type PCI registered
[    0.308003] acpiphp: ACPI Hot Plug PCI Controller Driver version: 0.5
[    0.312243] PCI: Using configuration type 1 for base access
[    0.321567] HugeTLB registered 2.00 MiB page size, pre-allocated 0 pages
[    0.324362] ACPI: Added _OSI(Module Device)
[    0.328007] ACPI: Added _OSI(Processor Device)
[    0.332005] ACPI: Added _OSI(3.0 _SCP Extensions)
[    0.336002] ACPI: Added _OSI(Processor Aggregator Device)
[    0.340009] ACPI: Added _OSI(Linux-Dell-Video)
[    0.344021] ACPI: Added _OSI(Linux-Lenovo-NV-HDMI-Audio)
[    0.348003] ACPI: Added _OSI(Linux-HPI-Hybrid-Graphics)
[    0.352813] ACPI: Executed 1 blocks of module-level executable AML code
[    0.361153] ACPI: Interpreter enabled
[    0.364019] ACPI: (supports S0 S5)
[    0.368003] ACPI: Using IOAPIC for interrupt routing
[    0.372452] PCI: Using host bridge windows from ACPI; if necessary, use "pci=nocrs" and report a bug
[    0.376329] ACPI: Enabled 2 GPEs in block 00 to 07
[    0.396612] ACPI: PCI Root Bridge [PCI0] (domain 0000 [bus 00-ff])
[    0.400032] acpi PNP0A03:00: _OSC: OS supports [ASPM ClockPM Segments MSI]
[    0.405533] acpi PNP0A03:00: _OSC: not requesting OS control; OS requires [ExtendedConfig ASPM ClockPM MSI]
[    0.408026] acpi PNP0A03:00: fail to add MMCONFIG information, can't access extended PCI configuration space under this bridge.
[    0.412866] PCI host bridge to bus 0000:00
[    0.416006] pci_bus 0000:00: root bus resource [io  0x0000-0x0cf7 window]
[    0.420013] pci_bus 0000:00: root bus resource [io  0x0d00-0xffff window]
[    0.424015] pci_bus 0000:00: root bus resource [mem 0x000a0000-0x000bffff window]
[    0.428010] pci_bus 0000:00: root bus resource [mem 0x20000000-0xfdffffff window]
[    0.432022] pci_bus 0000:00: root bus resource [bus 00-ff]
[    0.442093] pci 0000:00:01.1: legacy IDE quirk: reg 0x10: [io  0x01f0-0x01f7]
[    0.444008] pci 0000:00:01.1: legacy IDE quirk: reg 0x14: [io  0x03f6]
[    0.448010] pci 0000:00:01.1: legacy IDE quirk: reg 0x18: [io  0x0170-0x0177]
[    0.452009] pci 0000:00:01.1: legacy IDE quirk: reg 0x1c: [io  0x0376]
[    0.537610] pci 0000:00:07.0: quirk: [io  0x4000-0x403f] claimed by PIIX4 ACPI
[    0.540043] pci 0000:00:07.0: quirk: [io  0x4100-0x410f] claimed by PIIX4 SMB
[    0.568301] ACPI: PCI Interrupt Link [LNKA] (IRQs 5 9 10 *11)
[    0.576381] ACPI: PCI Interrupt Link [LNKB] (IRQs 5 9 *10 11)
[    0.580207] ACPI: PCI Interrupt Link [LNKC] (IRQs 5 *9 10 11)
[    0.584245] ACPI: PCI Interrupt Link [LNKD] (IRQs 5 9 10 *11)
[    0.588485] SCSI subsystem initialized
[    0.592192] pci 0000:00:02.0: vgaarb: setting as boot VGA device
[    0.596000] pci 0000:00:02.0: vgaarb: VGA device added: decodes=io+mem,owns=io+mem,locks=none
[    0.596019] pci 0000:00:02.0: vgaarb: bridge control possible
[    0.600005] vgaarb: loaded
[    0.604058] ACPI: bus type USB registered
[    0.608035] usbcore: registered new interface driver usbfs
[    0.612046] usbcore: registered new interface driver hub
[    0.616022] usbcore: registered new device driver usb
[    0.620101] EDAC MC: Ver: 3.0.0
[    0.628738] PCI: Using ACPI for IRQ routing
[    0.633070] NetLabel: Initializing
[    0.636003] NetLabel:  domain hash size = 128
[    0.640003] NetLabel:  protocols = UNLABELED CIPSOv4 CALIPSO
[    0.644036] NetLabel:  unlabeled traffic allowed by default
[    0.648181] clocksource: Switched to clocksource kvm-clock
[    0.716895] VFS: Disk quotas dquot_6.6.0
[    0.721544] VFS: Dquot-cache hash table entries: 512 (order 0, 4096 bytes)
[    0.727933] AppArmor: AppArmor Filesystem Enabled
[    0.731783] pnp: PnP ACPI init
[    0.736989] pnp: PnP ACPI: found 3 devices
[    0.751739] clocksource: acpi_pm: mask: 0xffffff max_cycles: 0xffffff, max_idle_ns: 2085701024 ns
[    0.761638] NET: Registered protocol family 2
[    0.767364] TCP established hash table entries: 4096 (order: 3, 32768 bytes)
[    0.774234] TCP bind hash table entries: 4096 (order: 4, 65536 bytes)
[    0.778861] TCP: Hash tables configured (established 4096 bind 4096)
[    0.784197] UDP hash table entries: 256 (order: 1, 8192 bytes)
[    0.789430] UDP-Lite hash table entries: 256 (order: 1, 8192 bytes)
[    0.793471] NET: Registered protocol family 1
[    0.796226] pci 0000:00:00.0: Limiting direct PCI/PCI transfers
[    0.800268] pci 0000:00:01.0: Activating ISA DMA hang workarounds
[    0.804564] pci 0000:00:02.0: Video device with shadowed ROM at [mem 0x000c0000-0x000dffff]
[    0.811488] Unpacking initramfs...
[    1.568074] Freeing initrd memory: 19512K
[    1.572031] clocksource: tsc: mask: 0xffffffffffffffff max_cycles: 0x28680fa287f, max_idle_ns: 440795281151 ns
[    1.583351] platform rtc_cmos: registered platform RTC device (no PNP device found)
[    1.589586] Scanning for low memory corruption every 60 seconds
[    1.595963] Initialise system trusted keyrings
[    1.600450] Key type blacklist registered
[    1.604866] workingset: timestamp_bits=36 max_order=17 bucket_order=0
[    1.613551] zbud: loaded
[    1.617358] squashfs: version 4.0 (2009/01/31) Phillip Lougher
[    1.622678] fuse init (API version 7.26)
[    1.629418] Key type asymmetric registered
[    1.633610] Asymmetric key parser 'x509' registered
[    1.639432] Block layer SCSI generic (bsg) driver version 0.4 loaded (major 246)
[    1.646763] io scheduler noop registered
[    1.650821] io scheduler deadline registered
[    1.655148] io scheduler cfq registered (default)
[    1.659971] ACPI: AC Adapter [AC] (on-line)
[    1.664325] input: Power Button as /devices/LNXSYSTM:00/LNXPWRBN:00/input/input0
[    1.671933] ACPI: Power Button [PWRF]
[    1.675763] input: Sleep Button as /devices/LNXSYSTM:00/LNXSLPBN:00/input/input1
[    1.682914] ACPI: Sleep Button [SLPF]
[    1.687782] ACPI: Battery Slot [BAT0] (battery present)
[    1.692275] Serial: 8250/16550 driver, 32 ports, IRQ sharing enabled
[    1.726650] 00:02: ttyS0 at I/O 0x3f8 (irq = 4, base_baud = 115200) is a 16550A
[    1.743030] Linux agpgart interface v0.103
[    1.750488] loop: module loaded
[    1.754869] scsi host0: ata_piix
[    1.758592] scsi host1: ata_piix
[    1.763195] ata1: PATA max UDMA/33 cmd 0x1f0 ctl 0x3f6 bmdma 0xd000 irq 14
[    1.770286] ata2: PATA max UDMA/33 cmd 0x170 ctl 0x376 bmdma 0xd008 irq 15
[    1.777309] libphy: Fixed MDIO Bus: probed
[    1.781380] tun: Universal TUN/TAP device driver, 1.6
[    1.786437] PPP generic driver version 2.4.2
[    1.790459] ehci_hcd: USB 2.0 'Enhanced' Host Controller (EHCI) Driver
[    1.795124] ehci-pci: EHCI PCI platform driver
[    1.798821] ehci-platform: EHCI generic platform driver
[    1.803201] ohci_hcd: USB 1.1 'Open' Host Controller (OHCI) Driver
[    1.808883] ohci-pci: OHCI PCI platform driver
[    1.813094] ohci-platform: OHCI generic platform driver
[    1.816853] uhci_hcd: USB Universal Host Controller Interface driver
[    1.822714] i8042: PNP: PS/2 Controller [PNP0303:PS2K,PNP0f03:PS2M] at 0x60,0x64 irq 1,12
[    1.833016] serio: i8042 KBD port at 0x60,0x64 irq 1
[    1.837900] serio: i8042 AUX port at 0x60,0x64 irq 12
[    1.842201] mousedev: PS/2 mouse device common for all mice
[    1.848535] input: AT Translated Set 2 keyboard as /devices/platform/i8042/serio0/input/input2
[    1.858693] rtc_cmos rtc_cmos: rtc core: registered rtc_cmos as rtc0
[    1.863231] rtc_cmos rtc_cmos: alarms up to one day, 114 bytes nvram
[    1.868565] i2c /dev entries driver
[    1.871510] device-mapper: uevent: version 1.0.3
[    1.876260] device-mapper: ioctl: 4.37.0-ioctl (2017-09-20) initialised: dm-devel@redhat.com
[    1.884124] ledtrig-cpu: registered to indicate activity on CPUs
[    1.889962] NET: Registered protocol family 10
[    1.898121] Segment Routing with IPv6
[    1.900815] NET: Registered protocol family 17
[    1.904807] Key type dns_resolver registered
[    1.908225] mce: Using 0 MCE banks
[    1.911247] RAS: Correctable Errors collector initialized.
[    1.916741] sched_clock: Marking stable (1916669770, 0)->(2625001131, -708331361)
[    1.924791] registered taskstats version 1
[    1.929299] Loading compiled-in X.509 certificates
[    1.936997] Loaded X.509 cert 'Build time autogenerated kernel key: de118354fe72448b469776565e76ac30c08e8db2'
[    2.003218] Loaded X.509 cert 'Canonical Ltd. Live Patch Signing: 14df34d1a87cf37625abec039ef2bf521249b969'
[    2.013904] Loaded X.509 cert 'Canonical Ltd. Kernel Module Signing: 88f752e560a1e0737e31163a466ad7b70a850c19'
[    2.022517] zswap: loaded using pool lzo/zbud
[    2.029875] Key type big_key registered
[    2.034293] Key type trusted registered
[    2.041381] Key type encrypted registered
[    2.045527] AppArmor: AppArmor sha1 policy hashing enabled
[    2.051022] ima: No TPM chip found, activating TPM-bypass! (rc=-19)
[    2.056865] ima: Allocated hash algorithm: sha1
[    2.061443] evm: HMAC attrs: 0x1
[    2.066327]   Magic number: 5:792:72
[    2.070502] rtc_cmos rtc_cmos: setting system clock to 2021-09-16 10:04:21 UTC (1631786661)
[    2.077264] BIOS EDD facility v0.16 2004-Jun-25, 0 devices found
[    2.082148] EDD information not available.
[    2.088450] Freeing unused kernel image memory: 2444K
[    2.096638] Write protecting the kernel read-only data: 20480k
[    2.102606] Freeing unused kernel image memory: 2008K
[    2.107680] Freeing unused kernel image memory: 1828K
[    2.121414] x86/mm: Checked W+X mappings: passed, no W+X pages found.
Loading, please wait...
starting version 237
[    2.269878] e1000: Intel(R) PRO/1000 Network Driver - version 7.3.21-k8-NAPI
[    2.277442] e1000: Copyright (c) 1999-2006 Intel Corporation.
[    2.288458] Fusion MPT base driver 3.04.20
[    2.292638] Copyright (c) 1999-2008 LSI Corporation
[    2.372237] Fusion MPT SPI Host driver 3.04.20
[    2.562314] input: ImExPS/2 Generic Explorer Mouse as /devices/platform/i8042/serio1/input/input4
[    3.066660] e1000 0000:00:03.0 eth0: (PCI:33MHz:32-bit) 02:c3:ac:bf:e0:17
[    3.073271] e1000 0000:00:03.0 eth0: Intel(R) PRO/1000 Network Connection
[    3.081331] mptbase: ioc0: Initiating bringup
[    3.183373] ioc0: LSI53C1030 A0: Capabilities={Initiator}
[    3.439844] scsi host2: ioc0: LSI53C1030 A0, FwRev=00000000h, Ports=1, MaxQ=256, IRQ=20
[    3.613431] scsi 2:0:0:0: Direct-Access     VBOX     HARDDISK         1.0  PQ: 0 ANSI: 5
[    3.621499] scsi target2:0:0: Beginning Domain Validation
[    3.627019] random: fast init done
[    3.631593] scsi target2:0:0: Domain Validation skipping write tests
[    3.635900] scsi target2:0:0: Ending Domain Validation
[    3.640657] scsi target2:0:0: asynchronous
[    3.645077] scsi 2:0:1:0: Direct-Access     VBOX     HARDDISK         1.0  PQ: 0 ANSI: 5
[    3.650122] scsi target2:0:1: Beginning Domain Validation
[    3.710452] scsi target2:0:1: Domain Validation skipping write tests
[    3.715691] scsi target2:0:1: Ending Domain Validation
[    3.726931] scsi target2:0:1: asynchronous
[    3.839062] sd 2:0:0:0: Attached scsi generic sg0 type 0
[    3.844802] random: systemd-udevd: uninitialized urandom read (16 bytes read)
[    3.850898] sd 2:0:0:0: [sda] 83886080 512-byte logical blocks: (42.9 GB/40.0 GiB)
[    3.856308] sd 2:0:1:0: Attached scsi generic sg1 type 0
[    3.862269] sd 2:0:1:0: [sdb] 20480 512-byte logical blocks: (10.5 MB/10.0 MiB)
[    3.869074] sd 2:0:0:0: [sda] Write Protect is off
[    3.879568] sd 2:0:0:0: [sda] Incomplete mode parameter data
[    3.883234] sd 2:0:0:0: [sda] Assuming drive cache: write through
[    3.887153] sd 2:0:1:0: [sdb] Write Protect is off
[    3.891098] random: systemd-udevd: uninitialized urandom read (16 bytes read)
[    3.897210] sd 2:0:1:0: [sdb] Incomplete mode parameter data
[    3.900757] sd 2:0:1:0: [sdb] Assuming drive cache: write through
[    3.915478] random: systemd-udevd: uninitialized urandom read (16 bytes read)
[    3.919526]  sda: sda1
[    3.923770] sd 2:0:1:0: [sdb] Attached SCSI disk
[    3.927981] sd 2:0:0:0: [sda] Attached SCSI disk
[    4.329512] e1000 0000:00:08.0 eth1: (PCI:33MHz:32-bit) 08:00:27:e0:49:4b
[    4.335007] e1000 0000:00:08.0 eth1: Intel(R) PRO/1000 Network Connection
[    4.341203] e1000 0000:00:08.0 enp0s8: renamed from eth1
[    4.363732] e1000 0000:00:03.0 enp0s3: renamed from eth0
Begin: Loading essential drivers ... [    6.436081] raid6: sse2x1   gen() 13867 MB/s
[    6.489233] raid6: sse2x1   xor()  6463 MB/s
[    6.544035] raid6: sse2x2   gen() 20272 MB/s
[    6.596818] raid6: sse2x2   xor()  7569 MB/s
[    6.652050] raid6: sse2x4   gen() 14082 MB/s
[    6.704424] raid6: sse2x4   xor()  7932 MB/s
[    6.709230] raid6: using algorithm sse2x2 gen() 20272 MB/s
[    6.712857] raid6: .... xor() 7569 MB/s, rmw enabled
[    6.716173] raid6: using ssse3x2 recovery algorithm
[    6.721455] xor: measuring software checksum speed
[    6.832071]    prefetch64-sse: 49725.000 MB/sec
[    6.940192]    generic_sse: 45681.000 MB/sec
[    6.948092] xor: using function: prefetch64-sse (49725.000 MB/sec)
[    6.954690] async_tx: api initialized (async)
done.
Begin: Running /scripts/init-premount ... done.
Begin: Mounting root file system ... Begin: Running /scripts/local-top ... done.
Begin: Running /scripts/local-premount ... [    7.016261] Btrfs loaded, crc32c=crc32c-intel
Scanning for Btrfs filesystems
done.
Warning: fsck not present, so skipping root file system
[    7.065701] EXT4-fs (sda1): mounted filesystem with ordered data mode. Opts: (null)
done.
Begin: Running /scripts/local-bottom ... done.
Begin: Running /scripts/init-bottom ... done.
[    7.261072] ip_tables: (C) 2000-2006 Netfilter Core Team
[    7.274726] systemd[1]: systemd 237 running in system mode. (+PAM +AUDIT +SELINUX +IMA +APPARMOR +SMACK +SYSVINIT +UTMP +LIBCRYPTSETUP +GCRYPT +GNUTLS +ACL +XZ +LZ4 +SECCOMP +BLKID +ELFUTILS +KMOD -IDN2 +IDN -PCRE2 default-hierarchy=hybrid)
[    7.286945] systemd[1]: Detected virtualization oracle.
[    7.290662] systemd[1]: Detected architecture x86-64.

Welcome to [1mUbuntu 18.04.5 LTS[0m!

[    7.298530] systemd[1]: Set hostname to <ubuntu>.
[    7.306664] systemd[1]: Initializing machine ID from random generator.
[    7.310574] systemd[1]: Installed transient /etc/machine-id file.
[    7.645034] systemd[1]: Set up automount Arbitrary Executable File Formats File System Automount Point.
[[0;32m  OK  [0m] Set up automount Arbitrary Executab…rmats File System Automount Point.
[    7.664241] systemd[1]: Reached target System Time Synchronized.
[[0;32m  OK  [0m] Reached target System Time Synchronized.
[    7.670805] systemd[1]: Started Forward Password Requests to Wall Directory Watch.
[[0;32m  OK  [0m] Started Forward Password Requests to Wall Directory Watch.
[    7.678498] systemd[1]: Created slice User and Session Slice.
[[0;32m  OK  [0m] Created slice User and Session Slice.
[[0;32m  OK  [0m] Created slice System Slice.
[[0;32m  OK  [0m] Listening on Network Service Netlink Socket.
[[0;32m  OK  [0m] Created slice system-serial\x2dgetty.slice.
[[0;32m  OK  [0m] Listening on LVM2 poll daemon socket.
[[0;32m  OK  [0m] Listening on Journal Socket (/dev/log).
[[0;32m  OK  [0m] Listening on LVM2 metadata daemon socket.
[[0;32m  OK  [0m] Listening on udev Control Socket.
[[0;32m  OK  [0m] Listening on fsck to fsckd communication Socket.
[[0;32m  OK  [0m] Listening on Device-mapper event daemon FIFOs.
[[0;32m  OK  [0m] Listening on Syslog Socket.
[[0;32m  OK  [0m] Reached target Swap.
[[0;32m  OK  [0m] Reached target User and Group Name Lookups.
[[0;32m  OK  [0m] Reached target Slices.
[[0;32m  OK  [0m] Listening on udev Kernel Socket.
[[0;32m  OK  [0m] Listening on Journal Socket.
         Mounting POSIX Message Queue File System...
         Starting Uncomplicated firewall...
         Starting udev Coldplug all Devices...
         Starting Load Kernel Modules...
         Starting Monitoring of LVM2 mirrors…ng dmeventd or progress polling...
         Starting Create list of required st…ce nodes for the current kernel...
         Mounting Kernel Debug File System...
         Starting Set the console keyboard layout...
[    7.797650] Loading iSCSI transport class v2.0-870.
         Starting File System Check on Root Device...
[[0;32m  OK  [0m] Listening on Journal Audit Socket.
         Starting Journal Service...
[[0;32m  OK  [0m] Listening on /dev/initctl Compatibility Named Pipe.
         Mounting Huge Pages File System...
[[0;32m  OK  [0m] Mounted POSIX Message Queue File System.
[[0;32m  OK  [0m] Started Uncomplicated firewall.
[[0;32m  OK  [0m] Started Create list of required sta…vice nodes for the current kernel.
[[0;32m  OK  [0m] Mounted Kernel Debug File System.
[[0;32m  OK  [0m] Mounted Huge Pages File System.
[[0;32m  OK  [0m] Started File System Check Daemon to report status.
[    7.874167] iscsi: registered transport (tcp)
         Starting Create Static Device Nodes in /dev...
[[0;32m  OK  [0m] Started udev Coldplug all Devices.
[[0;32m  OK  [0m] Started Journal Service.
[[0;32m  OK  [0m] Started File System Check on Root Device.
         Starting Remount Root and Kernel File Systems...
[[0;32m  OK  [0m] Started Create Static Device Nodes in /dev.
[    7.993835] iscsi: registered transport (iser)
[[0;32m  OK  [0m] Started Load Kernel Modules.
         Starting Apply Kernel Variables...
         Mounting FUSE Control File System...
         Mounting Kernel Configuration File System...
[[0;32m  OK  [0m] Mounted FUSE Control File System.
[[0;32m  OK  [0m] Mounted Kernel Configuration File System.
[[0;32m  OK  [0m] Started LVM2 metadata daemon.
[[0;32m  OK  [0m] Started Remount Root and Kernel File Systems.
         Starting Load/Save Random Seed...
         Starting udev Kernel Device Manager...
         Starting Flush Journal to Persistent Storage...
[[0;32m  OK  [0m] Started Apply Kernel Variables.
[[0;32m  OK  [0m] Started Monitoring of LVM2 mirrors,…sing dmeventd or progress polling.
[[0;32m  OK  [0m] Started Set the console keyboard layout.
[[0;32m  OK  [0m] Reached target Local File Systems (Pre).
[[0;32m  OK  [0m] Reached target Local File Systems.
         Starting Set console font and keymap...
         Starting ebtables ruleset management...
         Starting Commit a transient machine-id on disk...
         Starting AppArmor initialization...
         Starting Tell Plymouth To Write Out Runtime Data...
[[0;32m  OK  [0m] Started udev Kernel Device Manager.
[[0;32m  OK  [0m] Started Load/Save Random Seed.
[[0;32m  OK  [0m] Started Set console font and keymap.
[[0;32m  OK  [0m] Started Dispatch Password Requests to Console Directory Watch.
[[0;32m  OK  [0m] Reached target Local Encrypted Volumes.
[[0;32m  OK  [0m] Started Tell Plymouth To Write Out Runtime Data.
[[0;32m  OK  [0m] Started Commit a transient machine-id on disk.
[[0;32m  OK  [0m] Started Flush Journal to Persistent Storage.
         Starting Create Volatile Files and Directories...
[[0;32m  OK  [0m] Started Create Volatile Files and Directories.
         Starting Update UTMP about System Boot/Shutdown...
[[0;32m  OK  [0m] Started Update UTMP about System Boot/Shutdown.
[[0;32m  OK  [0m] Started ebtables ruleset management.
[[0;32m  OK  [0m] Found device /dev/ttyS0.
[[0;32m  OK  [0m] Listening on Load/Save RF Kill Switch Status /dev/rfkill Watch.
[[0;32m  OK  [0m] Started AppArmor initialization.
         Starting Load AppArmor profiles managed internally by snapd...
         Starting Initial cloud-init job (pre-networking)...
[[0;32m  OK  [0m] Started Load AppArmor profiles managed internally by snapd.
[   11.980433] cloud-init[545]: Cloud-init v. 21.1-19-gbad84ad4-0ubuntu1~18.04.2 running 'init-local' at Thu, 16 Sep 2021 10:04:30 +0000. Up 11.50 seconds.
[[0;32m  OK  [0m] Started Initial cloud-init job (pre-networking).
[[0;32m  OK  [0m] Reached target Network (Pre).
         Starting Network Service...
[[0;32m  OK  [0m] Started Network Service.
         Starting Network Name Resolution...
         Starting Wait for Network to be Configured...
[[0;32m  OK  [0m] Started Network Name Resolution.
[[0;32m  OK  [0m] Reached target Network.
[[0;32m  OK  [0m] Reached target Host and Network Name Lookups.
[[0;32m  OK  [0m] Started Wait for Network to be Configured.
         Starting Initial cloud-init job (metadata service crawler)...
[   14.254378] cloud-init[633]: Cloud-init v. 21.1-19-gbad84ad4-0ubuntu1~18.04.2 running 'init' at Thu, 16 Sep 2021 10:04:33 +0000. Up 14.10 seconds.
[   14.268831] cloud-init[633]: ci-info: ++++++++++++++++++++++++++++++++++++++Net device info+++++++++++++++++++++++++++++++++++++++
[   14.276812] cloud-init[633]: ci-info: +--------+-------+----------------------------+---------------+--------+-------------------+
[   14.286620] cloud-init[633]: ci-info: | Device |   Up  |          Address           |      Mask     | Scope  |     Hw-Address    |
[   14.294624] cloud-init[633]: ci-info: +--------+-------+----------------------------+---------------+--------+-------------------+
[   14.308460] cloud-init[633]: ci-info: | enp0s3 |  True |         10.0.2.15          | 255.255.255.0 | global | 02:c3:ac:bf:e0:17 |
[   14.317305] cloud-init[633]: ci-info: | enp0s3 |  True | fe80::c3:acff:febf:e017/64 |       .       |  link  | 02:c3:ac:bf:e0:17 |
[   14.323414] cloud-init[633]: ci-info: | enp0s8 | False |             .              |       .       |   .    | 08:00:27:e0:49:4b |
[   14.330639] cloud-init[633]: ci-info: |   lo   |  True |         127.0.0.1          |   255.0.0.0   |  host  |         .         |
[   14.340611] cloud-init[633]: ci-info: |   lo   |  True |          ::1/128           |       .       |  host  |         .         |
[   14.360388] cloud-init[633]: ci-info: +--------+-------+----------------------------+---------------+--------+-------------------+
[   14.364571] cloud-init[633]: ci-info: ++++++++++++++++++++++++++++Route IPv4 info+++++++++++++++++++++++++++++
[   14.371641] cloud-init[633]: ci-info: +-------+-------------+----------+-----------------+-----------+-------+
[   14.377337] cloud-init[633]: ci-info: | Route | Destination | Gateway  |     Genmask     | Interface | Flags |
[   14.388894] cloud-init[633]: ci-info: +-------+-------------+----------+-----------------+-----------+-------+
[   14.399613] cloud-init[633]: ci-info: |   0   |   0.0.0.0   | 10.0.2.2 |     0.0.0.0     |   enp0s3  |   UG  |
[   14.408805] cloud-init[633]: ci-info: |   1   |   10.0.2.0  | 0.0.0.0  |  255.255.255.0  |   enp0s3  |   U   |
[   14.417013] cloud-init[633]: ci-info: |   2   |   10.0.2.2  | 0.0.0.0  | 255.255.255.255 |   enp0s3  |   UH  |
[   14.427009] cloud-init[633]: ci-info: +-------+-------------+----------+-----------------+-----------+-------+
[   14.435966] cloud-init[633]: ci-info: +++++++++++++++++++Route IPv6 info+++++++++++++++++++
[   14.442000] cloud-init[633]: ci-info: +-------+-------------+---------+-----------+-------+
[   14.455253] cloud-init[633]: ci-info: | Route | Destination | Gateway | Interface | Flags |
[   14.466167] cloud-init[633]: ci-info: +-------+-------------+---------+-----------+-------+
[   14.472247] cloud-init[633]: ci-info: |   1   |  fe80::/64  |    ::   |   enp0s3  |   U   |
[   14.480484] cloud-init[633]: ci-info: |   3   |    local    |    ::   |   enp0s3  |   U   |
[   14.505563] cloud-init[633]: ci-info: |   4   |   ff00::/8  |    ::   |   enp0s3  |   U   |
[   14.521072] cloud-init[633]: ci-info: +-------+-------------+---------+-----------+-------+
[   15.215956] cloud-init[633]: Generating public/private rsa key pair.
[   15.240512] cloud-init[633]: Your identification has been saved in /etc/ssh/ssh_host_rsa_key.
[   15.261194] cloud-init[633]: Your public key has been saved in /etc/ssh/ssh_host_rsa_key.pub.
[   15.273343] cloud-init[633]: The key fingerprint is:
[   15.285618] cloud-init[633]: SHA256:RB75C9EvHKy694uugvzbI4YqkKYIdUkVEwaRfMZG2sI root@ubuntu-bionic[[0;32m  OK  [0m] Started Initial cloud-init job (metadata service crawler).

[[   15.313329] cloud-init[633]: The key's randomart image is:[0;32m  OK  [0m] Reached target Cloud-config availability.
[[0;32m  OK  [0m] Reached target System Initialization.
[   15.326331] cloud-init
[[0;32m  OK  [0m] Started Daily Cleanup of Temporary Directories.
         Starting Socket activation for snappy daemon.
[633]: +---[RSA 2048]----+
[[0;32m  OK  [0m] Listening on UUID daemon activation socket.
[[0;32m  OK  [0m] Started Discard unused blocks once a week.
[[   15.352517] cloud-init[633]: |   .oBBoo+       |
[0;32m  OK  [0m] Listening on Open-iSCSI iscsid Socket.
[[0;32m  OK  [0m] [   15.360490] cloud-init[633]: |   .++=+o.+      |
[   15.363627] Started Message of the Day.
[[0;32m  OK  [0m] Listening on ACPID Listen Socket.
cloud-init[633]: |   .E=. o= o     |
[[0;32m  OK  [0m] Started Ubuntu Advantage update messaging.
[   15.376920] cloud-init[633]: |  . o. .o + .    |
[[0;32m  OK  [0m] Started Daily apt download activities.
[   15.384602] cloud-init[633]: | o .   .S. o     |
[[0;32m  OK  [0m] Started Daily apt upgrade and clean activities.
[[0;32m  OK  [0m] Reached target Timers.
[   15.392104] cloud-init[633]: |+.    .   .      |
         Starting LXD - unix socket.
[   15.399754] cloud-init[633]: |*. o   .         |
[[0;32m  OK  [0m] Listening on D-Bus System Message Bus Socket.
[   15.414782] [[0;32m  OK  [0m] Started ACPI Events Check.
cloud-init[633]: |+ + +.o ..       |
[[0;32m  OK  [0m] Reached target Paths.
[[0;32m  OK  [0m] Reached target Network is Online.[   15.433490] cloud-init[633]: |o. oo+o=o.o.     |

[[0;32m  OK  [0m] Reached target Remote File Systems (Pre).
[[0;32m  OK  [0m] Reached target Remote File Systems.
[   15.444058] cloud-init[633]: +----[SHA256]-----+
         [   15.448634] cloud-init[633]: Generating public/private dsa key pair.
Starting Availability of block devices...
[[0;32m  OK  [0m[   15.456336] cloud-init[633]: Your identification has been saved in /etc/ssh/ssh_host_dsa_key.] Listening on Socket activation for snappy daemon.
[[0;32m  OK  [0m] Listening on LXD - unix socket.
[[0;32m  OK  [0m] Reached target Sockets.
[[0;32m  OK  [0m
[   15.477377] cloud-init[633]: Your public key has been saved in /etc/ssh/ssh_host_dsa_key.pub.] Reached target Basic System.
[[0;32m  OK  [0m] Started irqbalance daemon.

[[0;32m  OK  [0m] Started FUSE filesystem for LXC.
[   15.505001] cloud-init[633]: The key fingerprint is:
[   15.523530] cloud-init[633]:          Starting Pollinate to seed the pseudo random number generator...
[SHA256:zhdakemBLj91lwqchlKT/YEhSOAZUZtgscTx499AwB0 root@ubuntu-bionic[0;32m  OK  [0m] Started Deferred execution scheduler.

[[0;32m  OK  [0m] Started D-Bus System Message Bus.
[   15.553066] cloud-init[633]: The key's randomart image is:
[   15.562854] cloud-init[633]: +---[DSA 1024]----+
[   15.573577] cloud-init[633]: |   .XO+oE..      |
[   15.584974] cloud-init[633]: |   +.*o+.= =     |
[   15.593795] cloud-init[633]: |    + = * B .    |
[   15.604013] cloud-init[633]: |     . = = = . . |
         Starting System Logging Service...
         Starting LSB: Record successful boot for GRUB...[   15.623632] 
         Starting Virtualbox guest utils...
         Starting Permit User Sessions...cloud-init[633]: 
         Starting Accounts Service...
|      + S X o o  |
[   15.650831] cloud-init[633]: |       B B + o   |
[   15.664279] cloud-init[633]: |        B o .    |
[   15.677606] cloud-init[633]: [[0;32m  OK  [0m] Started Regular background program processing daemon.
         Starting Login Service...|         o       |
         Starting LSB: automatic crash report generation...

[   15.718627] cloud-init[633]: |                 |         Starting Dispatcher daemon for systemd-networkd...
         Starting LXD - container startup/shutdown...

[   15.753519] cloud-init[633]: +----[SHA256]-----+
[   15.770301] cloud-init[633]: Generating public/private ecdsa key pair.
[   15.785055] cloud-init[633]: Your identification has been saved in /etc/ssh/ssh_host_ecdsa_key.
[   15.799278] cloud-init[633]: Your public key has been saved in /etc/ssh/ssh_host_ecdsa_key.pub.
[   15.811380] cloud-init[633]: The key fingerprint is:
[   15.821925] cloud-init[633]: SHA256:nzMZMdzVRXlCWg7OusvmRbsbHKL1TK9tJcx21LQmo2A root@ubuntu-bionic
[   15.848094]          Starting Snap Daemon...
[[0;32m  OK  [0mcloud-init] Started System Logging Service.
[633]: The key's randomart image is:[[0;32m  OK  [0m] Started Availability of block devices.

[[0;32m  OK  [0m] Started Permit User Sessions.
[   15.900667] [[0;32m  OK  [0m] Started Login Service.
cloud-init[633]: +---[ECDSA 256]---+
[   15.943495] cloud-init[633]: |            ..+o=|
         Starting Authorization Manager...
[   15.968386] [[0;32m  OK  [0m] Started Unattended Upgrades Shutdown.
cloud-init[633]: |         . + *..+|         Starting Hold until boot process finishes up...
         Starting Terminate Plymouth Boot Screen...

[[0;32m  OK  [0m] Started Hold until boot process finishes up.
[[0;32m  OK  [0m] Started Terminate Plymouth Boot Screen.
         Starting Set console scheme...[   16.027714] cloud-init
[[0;32m  OK  [0m] Started Serial Getty on ttyS0.
[633]: |          + = .o+|
[   16.076423] cloud-init[633]: |         E + o oo|
[[0;32m  OK  [0m] Started Authorization Manager.
[[0;32m  OK  [0m] Started Accounts Service.
[   16.111843] cloud-init[633]: |        S * =o+. |
[   16.140216] cloud-init[633]: |         + & += o|
[   16.148321] cloud-init[633]: |        . B B..+ |
[   16.170406] cloud-init[633]: |         ..= =.  |
[   16.187967] cloud-init[633]: |         o+ +o.  |
[[0;32m  OK  [0m] Started Set console scheme.
[   16.228671] cloud-init[633]: +----[SHA256]-----+
[[0;32m  OK  [0m] Created slice system-getty.slice.
[[0;32m  OK  [0m] Started Getty on tty1.
[[0;32m  OK  [0m] Reached target Login Prompts.
[[0;32m  OK  [0m] Started LSB: automatic crash report generation.
[   16.291165] cloud-init[633]: Generating public/private ed25519 key pair.
[   16.337968] cloud-init[633]: Your identification has been saved in /etc/ssh/ssh_host_ed25519_key.[[0;32m  OK  [0m] Started LXD - container startup/shutdown.
[[0;32m  OK  [0m] Started LSB: Record successful boot for GRUB.

[   16.379116] cloud-init[633]: Your public key has been saved in /etc/ssh/ssh_host_ed25519_key.pub.
[   16.423174] cloud-init[633]: The key fingerprint is:
[   16.461750] cloud-init[633]: SHA256:fHPJSqKgXfQ0uNnYKdPRE6gYO8wP+Xc9f6KAtdDvsu8 root@ubuntu-bionic
[   16.501640] cloud-init[633]: The key's randomart image is:
[   16.531749] cloud-init[633]: +--[ED25519 256]--+
[   16.549754] cloud-init[633]: |         ..      |
[   16.585846] cloud-init[633]: |    .  ... .     |
[   16.623206] cloud-init[633]: |   o =o.+ o      |
[   16.653315] cloud-init[633]: |    O..@ = o .   |
[   16.672493] cloud-init[633]: |    .=B S *.+    |
[   16.697383] cloud-init[633]: [[0;32m  OK  [0m] Started Virtualbox guest utils.
|   o oo+.B.*o    |
[   16.733408] cloud-init[633]: |  . . ....+ .o   |
[   16.759322] cloud-init[633]: |          .o  o .|
[   16.783737] cloud-init[633]: |          .=E. o |
[   16.794306] cloud-init[633]: +----[SHA256]-----+
[[0;32m  OK  [0m] Started Dispatcher daemon for systemd-networkd.
[[0;32m  OK  [0m] Started Snap Daemon.
         Starting Wait until snapd is fully seeded...
[[0;32m  OK  [0m] Started Pollinate to seed the pseudo random number generator.
         Starting OpenBSD Secure Shell server...
[[0;32m  OK  [0m] Started OpenBSD Secure Shell server.
[[0;32m  OK  [0m] Created slice User Slice of vagrant.
[[0;32m  OK  [0m] Started Session 1 of user vagrant.
         Starting User Manager for UID 1000...
[[0;32m  OK  [0m] Started User Manager for UID 1000.

Ubuntu 18.04.5 LTS ubuntu-bionic ttyS0

ubuntu-bionic login: [   38.828771] cloud-init[2088]: Cloud-init v. 21.1-19-gbad84ad4-0ubuntu1~18.04.2 running 'modules:config' at Thu, 16 Sep 2021 10:04:57 +0000. Up 38.26 seconds.
ci-info: no authorized SSH keys fingerprints found for user ubuntu.
<14>Sep 16 10:04:58 ec2: 
<14>Sep 16 10:04:58 ec2: #############################################################
<14>Sep 16 10:04:58 ec2: -----BEGIN SSH HOST KEY FINGERPRINTS-----
<14>Sep 16 10:04:58 ec2: 1024 SHA256:zhdakemBLj91lwqchlKT/YEhSOAZUZtgscTx499AwB0 root@ubuntu-bionic (DSA)
<14>Sep 16 10:04:58 ec2: 256 SHA256:nzMZMdzVRXlCWg7OusvmRbsbHKL1TK9tJcx21LQmo2A root@ubuntu-bionic (ECDSA)
<14>Sep 16 10:04:58 ec2: 256 SHA256:fHPJSqKgXfQ0uNnYKdPRE6gYO8wP+Xc9f6KAtdDvsu8 root@ubuntu-bionic (ED25519)
<14>Sep 16 10:04:58 ec2: 2048 SHA256:RB75C9EvHKy694uugvzbI4YqkKYIdUkVEwaRfMZG2sI root@ubuntu-bionic (RSA)
<14>Sep 16 10:04:58 ec2: -----END SSH HOST KEY FINGERPRINTS-----
<14>Sep 16 10:04:58 ec2: #############################################################
-----BEGIN SSH HOST KEY KEYS-----
ecdsa-sha2-nistp256 AAAAE2VjZHNhLXNoYTItbmlzdHAyNTYAAAAIbmlzdHAyNTYAAABBBM94dgxqgFc6D4kTLkxy5v5eUAmp1VHWyoKIRDr8mqssrfnJCKySsmMkloDhZcp1llSbkZ/TaZVfBajJp+CSMjY= root@ubuntu-bionic
ssh-ed25519 AAAAC3NzaC1lZDI1NTE5AAAAID+7cLAVMIZf6K3jN/wQE8E17QOYGm2dtrEDwIZ7nY59 root@ubuntu-bionic
ssh-rsa AAAAB3NzaC1yc2EAAAADAQABAAABAQDSip1uhHgUAsVNaEYWASh/6dPDvS0E9xAhkF2mjUtVrew2m29SG0eLIiHuXH92NER6U30y/5Z7imI581RQtQRSM4q+JeJGkuaEtGpqTsYlvsfN+ziLI1XF2D0NTogEu367g99UDeJklfvZOo+u/Zfjsgw22zpCiUCIcCc2JUdujpfuwhGhmztveGX+tNCBQ+0kEGD1WwF1rqtKNRisxkU9olg9lwjOUGKxzbXRZ4ObsexX/1TtnI9iLvpD7H8U3Ln3ALkCH1lq7dqMwFCstwyyM9V3LOlfEnIzHBBi6yQjQWwK1xl6MZLvojYweJ6LO3NDAkX3aS2jnzld4WtTJP0v root@ubuntu-bionic
-----END SSH HOST KEY KEYS-----
[   39.445809] cloud-init[2138]: Cloud-init v. 21.1-19-gbad84ad4-0ubuntu1~18.04.2 running 'modules:final' at Thu, 16 Sep 2021 10:04:58 +0000. Up 39.26 seconds.
[   39.462907] cloud-init[2138]: ci-info: no authorized SSH keys fingerprints found for user ubuntu.
[   39.475537] cloud-init[2138]: Cloud-init v. 21.1-19-gbad84ad4-0ubuntu1~18.04.2 finished at Thu, 16 Sep 2021 10:04:58 +0000. Datasource DataSourceNoCloud [seed=/dev/sdb][dsmode=net].  Up 39.43 seconds
